journalctl -fu slot-leadership
Feb 22 13:43:46 slot-leadership: Waiting 64000 seconds until the next slot leadership schedule may be available...
Feb 22 15:02:29 systemd: Stopping Slot Leadership Calculation Service...
Feb 22 15:02:29 systemd: slot-leadership.service: Deactivated successfully.
Feb 22 15:02:29 systemd: Stopped Slot Leadership Calculation Service.
-- Boot --
Feb 22 15:03:25 systemd: Started Slot Leadership Calculation Service.
Feb 22 15:03:25 slot-leadership: Failed to retrieve metrics, retrying in 30 seconds...
Feb 22 15:03:56 slot-leadership: schedule_available: 64000
Feb 22 15:03:56 slot-leadership: current_epoch_num: -1
Feb 22 15:03:56 slot-leadership: slot_in_epoch: -1
Feb 22 15:03:56 slot-leadership: Required metrics are unavailable, retrying in 30 seconds...
Feb 22 15:04:26 slot-leadership: schedule_available: 64000
Feb 22 15:04:26 slot-leadership: current_epoch_num: 1216
Feb 22 15:04:26 slot-leadership: slot_in_epoch: 83001
Feb 22 15:04:26 slot-leadership: Slot leadership already calculated for the next epoch, number 1217...
Feb 22 15:04:26 slot-leadership: Waiting 64000 seconds until the next slot leadership schedule may be available...
Feb 23 08:51:06 slot-leadership: schedule_available: 64000
Feb 23 08:51:06 slot-leadership: current_epoch_num: 1217
Feb 23 08:51:06 slot-leadership: slot_in_epoch: 60616
Feb 23 08:51:06 slot-leadership: Waiting 3384 seconds until the next slot leadership schedule may be available...
Feb 23 09:47:30 slot-leadership: schedule_available: 64000
Feb 23 09:47:30 slot-leadership: current_epoch_num: 1217
Feb 23 09:47:30 slot-leadership: slot_in_epoch: 64036
Feb 23 09:47:30 slot-leadership: Calculating slot leadership for the next epoch, number 1218...
Feb 23 09:48:27 slot-leadership: Waiting 64000 seconds until the next slot leadership schedule may be available...
Feb 24 03:35:07 slot-leadership: schedule_available: 64000
Feb 24 03:35:07 slot-leadership: current_epoch_num: 1218
Feb 24 03:35:07 slot-leadership: slot_in_epoch: 41680
Feb 24 03:35:07 slot-leadership: Waiting 22320 seconds until the next slot leadership schedule may be available...
Feb 24 09:47:07 slot-leadership: schedule_available: 64000
Feb 24 09:47:07 slot-leadership: current_epoch_num: 1218
Feb 24 09:47:07 slot-leadership: slot_in_epoch: 64004
Feb 24 09:47:07 slot-leadership: Calculating slot leadership for the next epoch, number 1219...
Feb 24 09:48:03 slot-leadership: Waiting 64000 seconds until the next slot leadership schedule may be available...
Feb 25 03:34:43 slot-leadership: schedule_available: 64000
Feb 25 03:34:43 slot-leadership: current_epoch_num: 1219
Feb 25 03:34:43 slot-leadership: slot_in_epoch: 41662
Feb 25 03:34:43 slot-leadership: Waiting 22338 seconds until the next slot leadership schedule may be available...
Feb 25 09:47:01 slot-leadership: schedule_available: 64000
Feb 25 09:47:01 slot-leadership: current_epoch_num: 1219
Feb 25 09:47:01 slot-leadership: slot_in_epoch: 63906
Feb 25 09:47:01 slot-leadership: Waiting 94 seconds until the next slot leadership schedule may be available...
Feb 25 09:48:36 slot-leadership: schedule_available: 64000
Feb 25 09:48:36 slot-leadership: current_epoch_num: 1219
Feb 25 09:48:36 slot-leadership: slot_in_epoch: 64115
Feb 25 09:48:36 slot-leadership: Calculating slot leadership for the next epoch, number 1220...
Feb 25 09:49:32 slot-leadership: Waiting 64000 seconds until the next slot leadership schedule may be available...
